NotePad-master/app/build/outputs/logs/manifest-merger-debug-report.txt
-- Merging decision tree log ---
manifest
ADDED from src\main\AndroidManifest.xml:22:1-128:12
	package
		ADDED from src\main\AndroidManifest.xml:23:5-42
		INJECTED from src\main\AndroidManifest.xml
		INJECTED from src\main\AndroidManifest.xml
	android:versionName
		INJECTED from src\main\AndroidManifest.xml
		INJECTED from src\main\AndroidManifest.xml
	xmlns:android
		ADDED from src\main\AndroidManifest.xml:22:11-69
	android:versionCode
		INJECTED from src\main\AndroidManifest.xml
		INJECTED from src\main\AndroidManifest.xml
uses-sdk
ADDED from src\main\AndroidManifest.xml:25:5-44
MERGED from [com.android.support:appcompat-v7:25.3.1] AndroidManifest.xml:21:5-23:78
MERGED from [com.android.support:support-v4:25.3.1] AndroidManifest.xml:21:5-23:54
MERGED from [com.android.support:support-fragment:25.3.1] AndroidManifest.xml:21:5-23:60
MERGED from [com.android.support:support-media-compat:25.3.1] AndroidManifest.xml:21:5-23:63
MERGED from [com.android.support:support-core-ui:25.3.1] AndroidManifest.xml:21:5-23:58
MERGED from [com.android.support:support-core-utils:25.3.1] AndroidManifest.xml:21:5-23:61
MERGED from [com.android.support:animated-vector-drawable:25.3.1] AndroidManifest.xml:20:5-44
MERGED from [com.android.support:support-vector-drawable:25.3.1] AndroidManifest.xml:20:5-43
MERGED from [com.android.support:support-compat:25.3.1] AndroidManifest.xml:21:5-23:58
MERGED from [com.android.support.constraint:constraint-layout:1.0.2] AndroidManifest.xml:5:5-7:41
	tools:overrideLibrary
		ADDED from [com.android.support:appcompat-v7:25.3.1] AndroidManifest.xml:23:9-75
	android:targetSdkVersion
		INJECTED from src\main\AndroidManifest.xml
		INJECTED from src\main\AndroidManifest.xml
	android:minSdkVersion
		ADDED from src\main\AndroidManifest.xml:25:15-41
		INJECTED from src\main\AndroidManifest.xml
		INJECTED from src\main\AndroidManifest.xml
application
ADDED from src\main\AndroidManifest.xml:27:5-126:19
MERGED from [com.android.support:appcompat-v7:25.3.1] AndroidManifest.xml:29:5-20
MERGED from [com.android.support:support-v4:25.3.1] AndroidManifest.xml:29:5-20
MERGED from [com.android.support:support-fragment:25.3.1] AndroidManifest.xml:29:5-20
MERGED from [com.android.support:support-media-compat:25.3.1] AndroidManifest.xml:29:5-20
MERGED from [com.android.support:support-core-ui:25.3.1] AndroidManifest.xml:29:5-20
MERGED from [com.android.support:support-core-utils:25.3.1] AndroidManifest.xml:29:5-20
MERGED from [com.android.support:animated-vector-drawable:25.3.1] AndroidManifest.xml:26:5-20
MERGED from [com.android.support:support-vector-drawable:25.3.1] AndroidManifest.xml:26:5-20
MERGED from [com.android.support:support-compat:25.3.1] AndroidManifest.xml:29:5-20
MERGED from [com.android.support.constraint:constraint-layout:1.0.2] AndroidManifest.xml:9:5-20
	android:label
		ADDED from src\main\AndroidManifest.xml:28:9-41
	android:icon
		ADDED from src\main\AndroidManifest.xml:27:18-52
provider#com.example.android.notepad.NotePadProvider
ADDED from src\main\AndroidManifest.xml:30:9-34:20
	android:authorities
		ADDED from src\main\AndroidManifest.xml:31:13-62
	android:exported
		ADDED from src\main\AndroidManifest.xml:32:13-37
	android:name
		ADDED from src\main\AndroidManifest.xml:30:19-49
grant-uri-permission
ADDED from src\main\AndroidManifest.xml:33:13-62
	android:pathPattern
		ADDED from src\main\AndroidManifest.xml:33:35-59
activity#com.example.android.notepad.NotesList
ADDED from src\main\AndroidManifest.xml:36:9-53:20
	android:label
		ADDED from src\main\AndroidManifest.xml:36:44-84
	android:name
		ADDED from src\main\AndroidManifest.xml:36:19-43
intent-filter#android.intent.action.MAIN+android.intent.category.LAUNCHER
ADDED from src\main\AndroidManifest.xml:37:13-40:29
action#android.intent.action.MAIN
ADDED from src\main\AndroidManifest.xml:38:17-69
	android:name
		ADDED from src\main\AndroidManifest.xml:38:25-66
category#android.intent.category.LAUNCHER
ADDED from src\main\AndroidManifest.xml:39:17-77
	android:name
		ADDED from src\main\AndroidManifest.xml:39:27-74
intent-filter#android.intent.action.EDIT+android.intent.action.PICK+android.intent.action.VIEW+android.intent.category.DEFAULT
ADDED from src\main\AndroidManifest.xml:41:13-47:29
action#android.intent.action.VIEW
ADDED from src\main\AndroidManifest.xml:42:17-69
	android:name
		ADDED from src\main\AndroidManifest.xml:42:25-66
action#android.intent.action.EDIT
ADDED from src\main\AndroidManifest.xml:43:17-69
	android:name
		ADDED from src\main\AndroidManifest.xml:43:25-66
action#android.intent.action.PICK
ADDED from src\main\AndroidManifest.xml:44:17-69
	android:name
		ADDED from src\main\AndroidManifest.xml:44:25-66
category#android.intent.category.DEFAULT
ADDED from src\main\AndroidManifest.xml:45:17-76
	android:name
		ADDED from src\main\AndroidManifest.xml:45:27-73
data
ADDED from src\main\AndroidManifest.xml:46:17-83
	android:mimeType
		ADDED from src\main\AndroidManifest.xml:46:23-80
intent-filter#android.intent.action.GET_CONTENT+android.intent.category.DEFAULT
ADDED from src\main\AndroidManifest.xml:48:13-52:29
action#android.intent.action.GET_CONTENT
ADDED from src\main\AndroidManifest.xml:49:17-76
	android:name
		ADDED from src\main\AndroidManifest.xml:49:25-73
activity#com.example.android.notepad.NoteEditor
ADDED from src\main\AndroidManifest.xml:57:9-83:20
	android:screenOrientation
		ADDED from src\main\AndroidManifest.xml:59:13-47
	android:configChanges
		ADDED from src\main\AndroidManifest.xml:60:13-59
	android:name
		ADDED from src\main\AndroidManifest.xml:57:19-44
intent-filter#android.intent.action.EDIT+android.intent.action.VIEW+android.intent.category.DEFAULT+com.android.notepad.action.EDIT_NOTE
ADDED from src\main\AndroidManifest.xml:64:13-70:29
	android:label
		ADDED from src\main\AndroidManifest.xml:64:28-64
action#com.android.notepad.action.EDIT_NOTE
ADDED from src\main\AndroidManifest.xml:67:17-79
	android:name
		ADDED from src\main\AndroidManifest.xml:67:25-76
intent-filter#android.intent.action.INSERT+android.intent.action.PASTE+android.intent.category.DEFAULT
ADDED from src\main\AndroidManifest.xml:76:13-81:29
action#android.intent.action.INSERT
ADDED from src\main\AndroidManifest.xml:77:17-71
	android:name
		ADDED from src\main\AndroidManifest.xml:77:25-68
action#android.intent.action.PASTE
ADDED from src\main\AndroidManifest.xml:78:17-70
	android:name
		ADDED from src\main\AndroidManifest.xml:78:25-67
activity#com.example.android.notepad.NoteSearch
ADDED from src\main\AndroidManifest.xml:85:9-86:20
	android:name
		ADDED from src\main\AndroidManifest.xml:85:19-44
activity#com.example.android.notepad.SkinSetting
ADDED from src\main\AndroidManifest.xml:88:9-89:20
	android:name
		ADDED from src\main\AndroidManifest.xml:88:19-45
activity#com.example.android.notepad.TitleEditor
ADDED from src\main\AndroidManifest.xml:91:9-116:20
	android:label
		ADDED from src\main\AndroidManifest.xml:92:13-53
	android:windowSoftInputMode
		ADDED from src\main\AndroidManifest.xml:95:13-55
	android:icon
		ADDED from src\main\AndroidManifest.xml:93:13-50
	android:theme
		ADDED from src\main\AndroidManifest.xml:94:13-61
	android:name
		ADDED from src\main\AndroidManifest.xml:91:19-45
intent-filter#android.intent.category.ALTERNATIVE+android.intent.category.DEFAULT+android.intent.category.SELECTED_ALTERNATIVE+com.android.notepad.action.EDIT_TITLE
ADDED from src\main\AndroidManifest.xml:100:13-115:29
	android:label
		ADDED from src\main\AndroidManifest.xml:100:28-65
action#com.android.notepad.action.EDIT_TITLE
ADDED from src\main\AndroidManifest.xml:104:17-80
	android:name
		ADDED from src\main\AndroidManifest.xml:104:25-77
category#android.intent.category.ALTERNATIVE
ADDED from src\main\AndroidManifest.xml:109:17-80
	android:name
		ADDED from src\main\AndroidManifest.xml:109:27-77
category#android.intent.category.SELECTED_ALTERNATIVE
ADDED from src\main\AndroidManifest.xml:112:17-89
	android:name
		ADDED from src\main\AndroidManifest.xml:112:27-86
activity#com.example.android.notepad.NotesLiveFolder
ADDED from src\main\AndroidManifest.xml:118:9-124:20
	android:label
		ADDED from src\main\AndroidManifest.xml:118:50-90
	android:icon
		ADDED from src\main\AndroidManifest.xml:119:13-55
	android:name
		ADDED from src\main\AndroidManifest.xml:118:19-49
intent-filter#android.intent.action.CREATE_LIVE_FOLDER+android.intent.category.DEFAULT
ADDED from src\main\AndroidManifest.xml:120:13-123:29
action#android.intent.action.CREATE_LIVE_FOLDER
ADDED from src\main\AndroidManifest.xml:121:17-83
	android:name
		ADDED from src\main\AndroidManifest.xml:121:25-80
meta-data#android.support.VERSION
ADDED from [com.android.support:appcompat-v7:25.3.1] AndroidManifest.xml:25:5-27:34
MERGED from [com.android.support:support-v4:25.3.1] AndroidManifest.xml:25:5-27:34
MERGED from [com.android.support:support-fragment:25.3.1] AndroidManifest.xml:25:5-27:34
MERGED from [com.android.support:support-media-compat:25.3.1] AndroidManifest.xml:25:5-27:34
MERGED from [com.android.support:support-core-ui:25.3.1] AndroidManifest.xml:25:5-27:34
MERGED from [com.android.support:support-core-utils:25.3.1] AndroidManifest.xml:25:5-27:34
MERGED from [com.android.support:animated-vector-drawable:25.3.1] AndroidManifest.xml:22:5-24:34
MERGED from [com.android.support:support-vector-drawable:25.3.1] AndroidManifest.xml:22:5-24:34
MERGED from [com.android.support:support-compat:25.3.1] AndroidManifest.xml:25:5-27:34
	android:value
		ADDED from [com.android.support:appcompat-v7:25.3.1] AndroidManifest.xml:27:9-31
	android:name
		ADDED from [com.android.support:appcompat-v7:25.3.1] AndroidManifest.xml:26:9-47